Determining if the include file malloc/malloc.h exists failed with the following output:
Change Dir: /var/www/development/omemo/files/emsdk-portable/clang/tag-e1.37.29/build_tag-e1.37.29_64/CMakeFiles/CMakeTmp

Run Build Command:"/usr/bin/make" "cmTC_f5aee/fast"
/usr/bin/make -f CMakeFiles/cmTC_f5aee.dir/build.make CMakeFiles/cmTC_f5aee.dir/build
make[1]: Verzeichnis „/var/www/development/omemo/files/emsdk-portable/clang/tag-e1.37.29/build_tag-e1.37.29_64/CMakeFiles/CMakeTmp“ wird betreten
Building C object CMakeFiles/cmTC_f5aee.dir/CheckIncludeFile.c.o
/usr/bin/cc     -o CMakeFiles/cmTC_f5aee.dir/CheckIncludeFile.c.o   -c /var/www/development/omemo/files/emsdk-portable/clang/tag-e1.37.29/build_tag-e1.37.29_64/CMakeFiles/CMakeTmp/CheckIncludeFile.c
/var/www/development/omemo/files/emsdk-portable/clang/tag-e1.37.29/build_tag-e1.37.29_64/CMakeFiles/CMakeTmp/CheckIncludeFile.c:1:27: fatal error: malloc/malloc.h: Datei oder Verzeichnis nicht gefunden
compilation terminated.
CMakeFiles/cmTC_f5aee.dir/build.make:65: die Regel für Ziel „CMakeFiles/cmTC_f5aee.dir/CheckIncludeFile.c.o“ scheiterte
make[1]: *** [CMakeFiles/cmTC_f5aee.dir/CheckIncludeFile.c.o] Fehler 1
make[1]: Verzeichnis „/var/www/development/omemo/files/emsdk-portable/clang/tag-e1.37.29/build_tag-e1.37.29_64/CMakeFiles/CMakeTmp“ wird verlassen
Makefile:126: die Regel für Ziel „cmTC_f5aee/fast“ scheiterte
make: *** [cmTC_f5aee/fast] Fehler 2


Determining if the include file ndir.h exists failed with the following output:
Change Dir: /var/www/development/omemo/files/emsdk-portable/clang/tag-e1.37.29/build_tag-e1.37.29_64/CMakeFiles/CMakeTmp

Run Build Command:"/usr/bin/make" "cmTC_1bac0/fast"
/usr/bin/make -f CMakeFiles/cmTC_1bac0.dir/build.make CMakeFiles/cmTC_1bac0.dir/build
make[1]: Verzeichnis „/var/www/development/omemo/files/emsdk-portable/clang/tag-e1.37.29/build_tag-e1.37.29_64/CMakeFiles/CMakeTmp“ wird betreten
Building C object CMakeFiles/cmTC_1bac0.dir/CheckIncludeFile.c.o
/usr/bin/cc     -o CMakeFiles/cmTC_1bac0.dir/CheckIncludeFile.c.o   -c /var/www/development/omemo/files/emsdk-portable/clang/tag-e1.37.29/build_tag-e1.37.29_64/CMakeFiles/CMakeTmp/CheckIncludeFile.c
/var/www/development/omemo/files/emsdk-portable/clang/tag-e1.37.29/build_tag-e1.37.29_64/CMakeFiles/CMakeTmp/CheckIncludeFile.c:1:18: fatal error: ndir.h: Datei oder Verzeichnis nicht gefunden
compilation terminated.
CMakeFiles/cmTC_1bac0.dir/build.make:65: die Regel für Ziel „CMakeFiles/cmTC_1bac0.dir/CheckIncludeFile.c.o“ scheiterte
make[1]: *** [CMakeFiles/cmTC_1bac0.dir/CheckIncludeFile.c.o] Fehler 1
make[1]: Verzeichnis „/var/www/development/omemo/files/emsdk-portable/clang/tag-e1.37.29/build_tag-e1.37.29_64/CMakeFiles/CMakeTmp“ wird verlassen
Makefile:126: die Regel für Ziel „cmTC_1bac0/fast“ scheiterte
make: *** [cmTC_1bac0/fast] Fehler 2


Determining if the include file sys/ndir.h exists failed with the following output:
Change Dir: /var/www/development/omemo/files/emsdk-portable/clang/tag-e1.37.29/build_tag-e1.37.29_64/CMakeFiles/CMakeTmp

Run Build Command:"/usr/bin/make" "cmTC_f8bbe/fast"
/usr/bin/make -f CMakeFiles/cmTC_f8bbe.dir/build.make CMakeFiles/cmTC_f8bbe.dir/build
make[1]: Verzeichnis „/var/www/development/omemo/files/emsdk-portable/clang/tag-e1.37.29/build_tag-e1.37.29_64/CMakeFiles/CMakeTmp“ wird betreten
Building C object CMakeFiles/cmTC_f8bbe.dir/CheckIncludeFile.c.o
/usr/bin/cc     -o CMakeFiles/cmTC_f8bbe.dir/CheckIncludeFile.c.o   -c /var/www/development/omemo/files/emsdk-portable/clang/tag-e1.37.29/build_tag-e1.37.29_64/CMakeFiles/CMakeTmp/CheckIncludeFile.c
/var/www/development/omemo/files/emsdk-portable/clang/tag-e1.37.29/build_tag-e1.37.29_64/CMakeFiles/CMakeTmp/CheckIncludeFile.c:1:22: fatal error: sys/ndir.h: Datei oder Verzeichnis nicht gefunden
compilation terminated.
CMakeFiles/cmTC_f8bbe.dir/build.make:65: die Regel für Ziel „CMakeFiles/cmTC_f8bbe.dir/CheckIncludeFile.c.o“ scheiterte
make[1]: *** [CMakeFiles/cmTC_f8bbe.dir/CheckIncludeFile.c.o] Fehler 1
make[1]: Verzeichnis „/var/www/development/omemo/files/emsdk-portable/clang/tag-e1.37.29/build_tag-e1.37.29_64/CMakeFiles/CMakeTmp“ wird verlassen
Makefile:126: die Regel für Ziel „cmTC_f8bbe/fast“ scheiterte
make: *** [cmTC_f8bbe/fast] Fehler 2


Determining if the include file valgrind/valgrind.h exists failed with the following output:
Change Dir: /var/www/development/omemo/files/emsdk-portable/clang/tag-e1.37.29/build_tag-e1.37.29_64/CMakeFiles/CMakeTmp

Run Build Command:"/usr/bin/make" "cmTC_4a220/fast"
/usr/bin/make -f CMakeFiles/cmTC_4a220.dir/build.make CMakeFiles/cmTC_4a220.dir/build
make[1]: Verzeichnis „/var/www/development/omemo/files/emsdk-portable/clang/tag-e1.37.29/build_tag-e1.37.29_64/CMakeFiles/CMakeTmp“ wird betreten
Building C object CMakeFiles/cmTC_4a220.dir/CheckIncludeFile.c.o
/usr/bin/cc     -o CMakeFiles/cmTC_4a220.dir/CheckIncludeFile.c.o   -c /var/www/development/omemo/files/emsdk-portable/clang/tag-e1.37.29/build_tag-e1.37.29_64/CMakeFiles/CMakeTmp/CheckIncludeFile.c
/var/www/development/omemo/files/emsdk-portable/clang/tag-e1.37.29/build_tag-e1.37.29_64/CMakeFiles/CMakeTmp/CheckIncludeFile.c:1:31: fatal error: valgrind/valgrind.h: Datei oder Verzeichnis nicht gefunden
compilation terminated.
CMakeFiles/cmTC_4a220.dir/build.make:65: die Regel für Ziel „CMakeFiles/cmTC_4a220.dir/CheckIncludeFile.c.o“ scheiterte
make[1]: *** [CMakeFiles/cmTC_4a220.dir/CheckIncludeFile.c.o] Fehler 1
make[1]: Verzeichnis „/var/www/development/omemo/files/emsdk-portable/clang/tag-e1.37.29/build_tag-e1.37.29_64/CMakeFiles/CMakeTmp“ wird verlassen
Makefile:126: die Regel für Ziel „cmTC_4a220/fast“ scheiterte
make: *** [cmTC_4a220/fast] Fehler 2


Determining if the include file mach/mach.h exists failed with the following output:
Change Dir: /var/www/development/omemo/files/emsdk-portable/clang/tag-e1.37.29/build_tag-e1.37.29_64/CMakeFiles/CMakeTmp

Run Build Command:"/usr/bin/make" "cmTC_486f1/fast"
/usr/bin/make -f CMakeFiles/cmTC_486f1.dir/build.make CMakeFiles/cmTC_486f1.dir/build
make[1]: Verzeichnis „/var/www/development/omemo/files/emsdk-portable/clang/tag-e1.37.29/build_tag-e1.37.29_64/CMakeFiles/CMakeTmp“ wird betreten
Building C object CMakeFiles/cmTC_486f1.dir/CheckIncludeFile.c.o
/usr/bin/cc     -o CMakeFiles/cmTC_486f1.dir/CheckIncludeFile.c.o   -c /var/www/development/omemo/files/emsdk-portable/clang/tag-e1.37.29/build_tag-e1.37.29_64/CMakeFiles/CMakeTmp/CheckIncludeFile.c
/var/www/development/omemo/files/emsdk-portable/clang/tag-e1.37.29/build_tag-e1.37.29_64/CMakeFiles/CMakeTmp/CheckIncludeFile.c:1:23: fatal error: mach/mach.h: Datei oder Verzeichnis nicht gefunden
compilation terminated.
CMakeFiles/cmTC_486f1.dir/build.make:65: die Regel für Ziel „CMakeFiles/cmTC_486f1.dir/CheckIncludeFile.c.o“ scheiterte
make[1]: *** [CMakeFiles/cmTC_486f1.dir/CheckIncludeFile.c.o] Fehler 1
make[1]: Verzeichnis „/var/www/development/omemo/files/emsdk-portable/clang/tag-e1.37.29/build_tag-e1.37.29_64/CMakeFiles/CMakeTmp“ wird verlassen
Makefile:126: die Regel für Ziel „cmTC_486f1/fast“ scheiterte
make: *** [cmTC_486f1/fast] Fehler 2


Determining if the include file histedit.h exists failed with the following output:
Change Dir: /var/www/development/omemo/files/emsdk-portable/clang/tag-e1.37.29/build_tag-e1.37.29_64/CMakeFiles/CMakeTmp

Run Build Command:"/usr/bin/make" "cmTC_1156c/fast"
/usr/bin/make -f CMakeFiles/cmTC_1156c.dir/build.make CMakeFiles/cmTC_1156c.dir/build
make[1]: Verzeichnis „/var/www/development/omemo/files/emsdk-portable/clang/tag-e1.37.29/build_tag-e1.37.29_64/CMakeFiles/CMakeTmp“ wird betreten
Building C object CMakeFiles/cmTC_1156c.dir/CheckIncludeFile.c.o
/usr/bin/cc     -o CMakeFiles/cmTC_1156c.dir/CheckIncludeFile.c.o   -c /var/www/development/omemo/files/emsdk-portable/clang/tag-e1.37.29/build_tag-e1.37.29_64/CMakeFiles/CMakeTmp/CheckIncludeFile.c
/var/www/development/omemo/files/emsdk-portable/clang/tag-e1.37.29/build_tag-e1.37.29_64/CMakeFiles/CMakeTmp/CheckIncludeFile.c:1:22: fatal error: histedit.h: Datei oder Verzeichnis nicht gefunden
compilation terminated.
CMakeFiles/cmTC_1156c.dir/build.make:65: die Regel für Ziel „CMakeFiles/cmTC_1156c.dir/CheckIncludeFile.c.o“ scheiterte
make[1]: *** [CMakeFiles/cmTC_1156c.dir/CheckIncludeFile.c.o] Fehler 1
make[1]: Verzeichnis „/var/www/development/omemo/files/emsdk-portable/clang/tag-e1.37.29/build_tag-e1.37.29_64/CMakeFiles/CMakeTmp“ wird verlassen
Makefile:126: die Regel für Ziel „cmTC_1156c/fast“ scheiterte
make: *** [cmTC_1156c/fast] Fehler 2


Determining if the include file CrashReporterClient.h exists failed with the following output:
Change Dir: /var/www/development/omemo/files/emsdk-portable/clang/tag-e1.37.29/build_tag-e1.37.29_64/CMakeFiles/CMakeTmp

Run Build Command:"/usr/bin/make" "cmTC_9c8a8/fast"
/usr/bin/make -f CMakeFiles/cmTC_9c8a8.dir/build.make CMakeFiles/cmTC_9c8a8.dir/build
make[1]: Verzeichnis „/var/www/development/omemo/files/emsdk-portable/clang/tag-e1.37.29/build_tag-e1.37.29_64/CMakeFiles/CMakeTmp“ wird betreten
Building C object CMakeFiles/cmTC_9c8a8.dir/CheckIncludeFile.c.o
/usr/bin/cc     -o CMakeFiles/cmTC_9c8a8.dir/CheckIncludeFile.c.o   -c /var/www/development/omemo/files/emsdk-portable/clang/tag-e1.37.29/build_tag-e1.37.29_64/CMakeFiles/CMakeTmp/CheckIncludeFile.c
/var/www/development/omemo/files/emsdk-portable/clang/tag-e1.37.29/build_tag-e1.37.29_64/CMakeFiles/CMakeTmp/CheckIncludeFile.c:1:33: fatal error: CrashReporterClient.h: Datei oder Verzeichnis nicht gefunden
compilation terminated.
CMakeFiles/cmTC_9c8a8.dir/build.make:65: die Regel für Ziel „CMakeFiles/cmTC_9c8a8.dir/CheckIncludeFile.c.o“ scheiterte
make[1]: *** [CMakeFiles/cmTC_9c8a8.dir/CheckIncludeFile.c.o] Fehler 1
make[1]: Verzeichnis „/var/www/development/omemo/files/emsdk-portable/clang/tag-e1.37.29/build_tag-e1.37.29_64/CMakeFiles/CMakeTmp“ wird verlassen
Makefile:126: die Regel für Ziel „cmTC_9c8a8/fast“ scheiterte
make: *** [cmTC_9c8a8/fast] Fehler 2


Determining if the pthread_create exist failed with the following output:
Change Dir: /var/www/development/omemo/files/emsdk-portable/clang/tag-e1.37.29/build_tag-e1.37.29_64/CMakeFiles/CMakeTmp

Run Build Command:"/usr/bin/make" "cmTC_d240d/fast"
/usr/bin/make -f CMakeFiles/cmTC_d240d.dir/build.make CMakeFiles/cmTC_d240d.dir/build
make[1]: Verzeichnis „/var/www/development/omemo/files/emsdk-portable/clang/tag-e1.37.29/build_tag-e1.37.29_64/CMakeFiles/CMakeTmp“ wird betreten
Building C object CMakeFiles/cmTC_d240d.dir/CheckSymbolExists.c.o
/usr/bin/cc     -o CMakeFiles/cmTC_d240d.dir/CheckSymbolExists.c.o   -c /var/www/development/omemo/files/emsdk-portable/clang/tag-e1.37.29/build_tag-e1.37.29_64/CMakeFiles/CMakeTmp/CheckSymbolExists.c
Linking C executable cmTC_d240d
/usr/bin/cmake -E cmake_link_script CMakeFiles/cmTC_d240d.dir/link.txt --verbose=1
/usr/bin/cc       CMakeFiles/cmTC_d240d.dir/CheckSymbolExists.c.o  -o cmTC_d240d -lm 
CMakeFiles/cmTC_d240d.dir/CheckSymbolExists.c.o: In Funktion `main':
CheckSymbolExists.c:(.text+0x16): Nicht definierter Verweis auf `pthread_create'
collect2: error: ld returned 1 exit status
CMakeFiles/cmTC_d240d.dir/build.make:97: die Regel für Ziel „cmTC_d240d“ scheiterte
make[1]: *** [cmTC_d240d] Fehler 1
make[1]: Verzeichnis „/var/www/development/omemo/files/emsdk-portable/clang/tag-e1.37.29/build_tag-e1.37.29_64/CMakeFiles/CMakeTmp“ wird verlassen
Makefile:126: die Regel für Ziel „cmTC_d240d/fast“ scheiterte
make: *** [cmTC_d240d/fast] Fehler 2

File /var/www/development/omemo/files/emsdk-portable/clang/tag-e1.37.29/build_tag-e1.37.29_64/CMakeFiles/CMakeTmp/CheckSymbolExists.c:
/* */
#include <pthread.h>

int main(int argc, char** argv)
{
  (void)argv;
#ifndef pthread_create
  return ((int*)(&pthread_create))[argc];
#else
  (void)argc;
  return 0;
#endif
}

Determining if the function pthread_create exists in the pthreads failed with the following output:
Change Dir: /var/www/development/omemo/files/emsdk-portable/clang/tag-e1.37.29/build_tag-e1.37.29_64/CMakeFiles/CMakeTmp

Run Build Command:"/usr/bin/make" "cmTC_9a73f/fast"
/usr/bin/make -f CMakeFiles/cmTC_9a73f.dir/build.make CMakeFiles/cmTC_9a73f.dir/build
make[1]: Verzeichnis „/var/www/development/omemo/files/emsdk-portable/clang/tag-e1.37.29/build_tag-e1.37.29_64/CMakeFiles/CMakeTmp“ wird betreten
Building C object CMakeFiles/cmTC_9a73f.dir/CheckFunctionExists.c.o
/usr/bin/cc    -DCHECK_FUNCTION_EXISTS=pthread_create   -o CMakeFiles/cmTC_9a73f.dir/CheckFunctionExists.c.o   -c /usr/share/cmake-3.5/Modules/CheckFunctionExists.c
Linking C executable cmTC_9a73f
/usr/bin/cmake -E cmake_link_script CMakeFiles/cmTC_9a73f.dir/link.txt --verbose=1
/usr/bin/cc   -DCHECK_FUNCTION_EXISTS=pthread_create    CMakeFiles/cmTC_9a73f.dir/CheckFunctionExists.c.o  -o cmTC_9a73f -lpthreads -lm 
/usr/bin/ld: cannot find -lpthreads
collect2: error: ld returned 1 exit status
CMakeFiles/cmTC_9a73f.dir/build.make:97: die Regel für Ziel „cmTC_9a73f“ scheiterte
make[1]: *** [cmTC_9a73f] Fehler 1
make[1]: Verzeichnis „/var/www/development/omemo/files/emsdk-portable/clang/tag-e1.37.29/build_tag-e1.37.29_64/CMakeFiles/CMakeTmp“ wird verlassen
Makefile:126: die Regel für Ziel „cmTC_9a73f/fast“ scheiterte
make: *** [cmTC_9a73f/fast] Fehler 2


Determining if the function xar_open exists in the xar failed with the following output:
Change Dir: /var/www/development/omemo/files/emsdk-portable/clang/tag-e1.37.29/build_tag-e1.37.29_64/CMakeFiles/CMakeTmp

Run Build Command:"/usr/bin/make" "cmTC_b14a9/fast"
/usr/bin/make -f CMakeFiles/cmTC_b14a9.dir/build.make CMakeFiles/cmTC_b14a9.dir/build
make[1]: Verzeichnis „/var/www/development/omemo/files/emsdk-portable/clang/tag-e1.37.29/build_tag-e1.37.29_64/CMakeFiles/CMakeTmp“ wird betreten
Building C object CMakeFiles/cmTC_b14a9.dir/CheckFunctionExists.c.o
/usr/bin/cc    -DCHECK_FUNCTION_EXISTS=xar_open   -o CMakeFiles/cmTC_b14a9.dir/CheckFunctionExists.c.o   -c /usr/share/cmake-3.5/Modules/CheckFunctionExists.c
Linking C executable cmTC_b14a9
/usr/bin/cmake -E cmake_link_script CMakeFiles/cmTC_b14a9.dir/link.txt --verbose=1
/usr/bin/cc   -DCHECK_FUNCTION_EXISTS=xar_open    CMakeFiles/cmTC_b14a9.dir/CheckFunctionExists.c.o  -o cmTC_b14a9 -lxar -lm 
/usr/bin/ld: cannot find -lxar
collect2: error: ld returned 1 exit status
CMakeFiles/cmTC_b14a9.dir/build.make:97: die Regel für Ziel „cmTC_b14a9“ scheiterte
make[1]: *** [cmTC_b14a9] Fehler 1
make[1]: Verzeichnis „/var/www/development/omemo/files/emsdk-portable/clang/tag-e1.37.29/build_tag-e1.37.29_64/CMakeFiles/CMakeTmp“ wird verlassen
Makefile:126: die Regel für Ziel „cmTC_b14a9/fast“ scheiterte
make: *** [cmTC_b14a9/fast] Fehler 2


Determining if the arc4random exist failed with the following output:
Change Dir: /var/www/development/omemo/files/emsdk-portable/clang/tag-e1.37.29/build_tag-e1.37.29_64/CMakeFiles/CMakeTmp

Run Build Command:"/usr/bin/make" "cmTC_f8904/fast"
/usr/bin/make -f CMakeFiles/cmTC_f8904.dir/build.make CMakeFiles/cmTC_f8904.dir/build
make[1]: Verzeichnis „/var/www/development/omemo/files/emsdk-portable/clang/tag-e1.37.29/build_tag-e1.37.29_64/CMakeFiles/CMakeTmp“ wird betreten
Building C object CMakeFiles/cmTC_f8904.dir/CheckSymbolExists.c.o
/usr/bin/cc     -o CMakeFiles/cmTC_f8904.dir/CheckSymbolExists.c.o   -c /var/www/development/omemo/files/emsdk-portable/clang/tag-e1.37.29/build_tag-e1.37.29_64/CMakeFiles/CMakeTmp/CheckSymbolExists.c
/var/www/development/omemo/files/emsdk-portable/clang/tag-e1.37.29/build_tag-e1.37.29_64/CMakeFiles/CMakeTmp/CheckSymbolExists.c: In function ‘main’:
/var/www/development/omemo/files/emsdk-portable/clang/tag-e1.37.29/build_tag-e1.37.29_64/CMakeFiles/CMakeTmp/CheckSymbolExists.c:8:19: error: ‘arc4random’ undeclared (first use in this function)
   return ((int*)(&arc4random))[argc];
                   ^
/var/www/development/omemo/files/emsdk-portable/clang/tag-e1.37.29/build_tag-e1.37.29_64/CMakeFiles/CMakeTmp/CheckSymbolExists.c:8:19: note: each undeclared identifier is reported only once for each function it appears in
CMakeFiles/cmTC_f8904.dir/build.make:65: die Regel für Ziel „CMakeFiles/cmTC_f8904.dir/CheckSymbolExists.c.o“ scheiterte
make[1]: *** [CMakeFiles/cmTC_f8904.dir/CheckSymbolExists.c.o] Fehler 1
make[1]: Verzeichnis „/var/www/development/omemo/files/emsdk-portable/clang/tag-e1.37.29/build_tag-e1.37.29_64/CMakeFiles/CMakeTmp“ wird verlassen
Makefile:126: die Regel für Ziel „cmTC_f8904/fast“ scheiterte
make: *** [cmTC_f8904/fast] Fehler 2

File /var/www/development/omemo/files/emsdk-portable/clang/tag-e1.37.29/build_tag-e1.37.29_64/CMakeFiles/CMakeTmp/CheckSymbolExists.c:
/* */
#include <stdlib.h>

int main(int argc, char** argv)
{
  (void)argv;
#ifndef arc4random
  return ((int*)(&arc4random))[argc];
#else
  (void)argc;
  return 0;
#endif
}

Performing C SOURCE FILE Test C_SUPPORTS_WERROR_UNGUARDED_AVAILABILITY_NEW failed with the following output:
Change Dir: /var/www/development/omemo/files/emsdk-portable/clang/tag-e1.37.29/build_tag-e1.37.29_64/CMakeFiles/CMakeTmp

Run Build Command:"/usr/bin/make" "cmTC_29b24/fast"
/usr/bin/make -f CMakeFiles/cmTC_29b24.dir/build.make CMakeFiles/cmTC_29b24.dir/build
make[1]: Entering directory '/var/www/development/omemo/files/emsdk-portable/clang/tag-e1.37.29/build_tag-e1.37.29_64/CMakeFiles/CMakeTmp'
Building C object CMakeFiles/cmTC_29b24.dir/src.c.o
/usr/bin/cc    -DC_SUPPORTS_WERROR_UNGUARDED_AVAILABILITY_NEW   -Werror=unguarded-availability-new -o CMakeFiles/cmTC_29b24.dir/src.c.o   -c /var/www/development/omemo/files/emsdk-portable/clang/tag-e1.37.29/build_tag-e1.37.29_64/CMakeFiles/CMakeTmp/src.c
cc1: error: -Werror=unguarded-availability-new: no option -Wunguarded-availability-new
CMakeFiles/cmTC_29b24.dir/build.make:65: recipe for target 'CMakeFiles/cmTC_29b24.dir/src.c.o' failed
make[1]: *** [CMakeFiles/cmTC_29b24.dir/src.c.o] Error 1
make[1]: Leaving directory '/var/www/development/omemo/files/emsdk-portable/clang/tag-e1.37.29/build_tag-e1.37.29_64/CMakeFiles/CMakeTmp'
Makefile:126: recipe for target 'cmTC_29b24/fast' failed
make: *** [cmTC_29b24/fast] Error 2

Source file was:
int main(void) { return 0; }
Determining if the mallctl exist failed with the following output:
Change Dir: /var/www/development/omemo/files/emsdk-portable/clang/tag-e1.37.29/build_tag-e1.37.29_64/CMakeFiles/CMakeTmp

Run Build Command:"/usr/bin/make" "cmTC_6ce85/fast"
/usr/bin/make -f CMakeFiles/cmTC_6ce85.dir/build.make CMakeFiles/cmTC_6ce85.dir/build
make[1]: Verzeichnis „/var/www/development/omemo/files/emsdk-portable/clang/tag-e1.37.29/build_tag-e1.37.29_64/CMakeFiles/CMakeTmp“ wird betreten
Building C object CMakeFiles/cmTC_6ce85.dir/CheckSymbolExists.c.o
/usr/bin/cc     -o CMakeFiles/cmTC_6ce85.dir/CheckSymbolExists.c.o   -c /var/www/development/omemo/files/emsdk-portable/clang/tag-e1.37.29/build_tag-e1.37.29_64/CMakeFiles/CMakeTmp/CheckSymbolExists.c
/var/www/development/omemo/files/emsdk-portable/clang/tag-e1.37.29/build_tag-e1.37.29_64/CMakeFiles/CMakeTmp/CheckSymbolExists.c:2:23: fatal error: malloc_np.h: Datei oder Verzeichnis nicht gefunden
compilation terminated.
CMakeFiles/cmTC_6ce85.dir/build.make:65: die Regel für Ziel „CMakeFiles/cmTC_6ce85.dir/CheckSymbolExists.c.o“ scheiterte
make[1]: *** [CMakeFiles/cmTC_6ce85.dir/CheckSymbolExists.c.o] Fehler 1
make[1]: Verzeichnis „/var/www/development/omemo/files/emsdk-portable/clang/tag-e1.37.29/build_tag-e1.37.29_64/CMakeFiles/CMakeTmp“ wird verlassen
Makefile:126: die Regel für Ziel „cmTC_6ce85/fast“ scheiterte
make: *** [cmTC_6ce85/fast] Fehler 2

File /var/www/development/omemo/files/emsdk-portable/clang/tag-e1.37.29/build_tag-e1.37.29_64/CMakeFiles/CMakeTmp/CheckSymbolExists.c:
/* */
#include <malloc_np.h>

int main(int argc, char** argv)
{
  (void)argv;
#ifndef mallctl
  return ((int*)(&mallctl))[argc];
#else
  (void)argc;
  return 0;
#endif
}

Determining if the malloc_zone_statistics exist failed with the following output:
Change Dir: /var/www/development/omemo/files/emsdk-portable/clang/tag-e1.37.29/build_tag-e1.37.29_64/CMakeFiles/CMakeTmp

Run Build Command:"/usr/bin/make" "cmTC_a3fd1/fast"
/usr/bin/make -f CMakeFiles/cmTC_a3fd1.dir/build.make CMakeFiles/cmTC_a3fd1.dir/build
make[1]: Verzeichnis „/var/www/development/omemo/files/emsdk-portable/clang/tag-e1.37.29/build_tag-e1.37.29_64/CMakeFiles/CMakeTmp“ wird betreten
Building C object CMakeFiles/cmTC_a3fd1.dir/CheckSymbolExists.c.o
/usr/bin/cc     -o CMakeFiles/cmTC_a3fd1.dir/CheckSymbolExists.c.o   -c /var/www/development/omemo/files/emsdk-portable/clang/tag-e1.37.29/build_tag-e1.37.29_64/CMakeFiles/CMakeTmp/CheckSymbolExists.c
/var/www/development/omemo/files/emsdk-portable/clang/tag-e1.37.29/build_tag-e1.37.29_64/CMakeFiles/CMakeTmp/CheckSymbolExists.c:2:27: fatal error: malloc/malloc.h: Datei oder Verzeichnis nicht gefunden
compilation terminated.
CMakeFiles/cmTC_a3fd1.dir/build.make:65: die Regel für Ziel „CMakeFiles/cmTC_a3fd1.dir/CheckSymbolExists.c.o“ scheiterte
make[1]: *** [CMakeFiles/cmTC_a3fd1.dir/CheckSymbolExists.c.o] Fehler 1
make[1]: Verzeichnis „/var/www/development/omemo/files/emsdk-portable/clang/tag-e1.37.29/build_tag-e1.37.29_64/CMakeFiles/CMakeTmp“ wird verlassen
Makefile:126: die Regel für Ziel „cmTC_a3fd1/fast“ scheiterte
make: *** [cmTC_a3fd1/fast] Fehler 2

File /var/www/development/omemo/files/emsdk-portable/clang/tag-e1.37.29/build_tag-e1.37.29_64/CMakeFiles/CMakeTmp/CheckSymbolExists.c:
/* */
#include <malloc/malloc.h>

int main(int argc, char** argv)
{
  (void)argv;
#ifndef malloc_zone_statistics
  return ((int*)(&malloc_zone_statistics))[argc];
#else
  (void)argc;
  return 0;
#endif
}

Determining if the strerror_s exist failed with the following output:
Change Dir: /var/www/development/omemo/files/emsdk-portable/clang/tag-e1.37.29/build_tag-e1.37.29_64/CMakeFiles/CMakeTmp

Run Build Command:"/usr/bin/make" "cmTC_7e5ce/fast"
/usr/bin/make -f CMakeFiles/cmTC_7e5ce.dir/build.make CMakeFiles/cmTC_7e5ce.dir/build
make[1]: Verzeichnis „/var/www/development/omemo/files/emsdk-portable/clang/tag-e1.37.29/build_tag-e1.37.29_64/CMakeFiles/CMakeTmp“ wird betreten
Building C object CMakeFiles/cmTC_7e5ce.dir/CheckSymbolExists.c.o
/usr/bin/cc     -o CMakeFiles/cmTC_7e5ce.dir/CheckSymbolExists.c.o   -c /var/www/development/omemo/files/emsdk-portable/clang/tag-e1.37.29/build_tag-e1.37.29_64/CMakeFiles/CMakeTmp/CheckSymbolExists.c
/var/www/development/omemo/files/emsdk-portable/clang/tag-e1.37.29/build_tag-e1.37.29_64/CMakeFiles/CMakeTmp/CheckSymbolExists.c: In function ‘main’:
/var/www/development/omemo/files/emsdk-portable/clang/tag-e1.37.29/build_tag-e1.37.29_64/CMakeFiles/CMakeTmp/CheckSymbolExists.c:8:19: error: ‘strerror_s’ undeclared (first use in this function)
   return ((int*)(&strerror_s))[argc];
                   ^
/var/www/development/omemo/files/emsdk-portable/clang/tag-e1.37.29/build_tag-e1.37.29_64/CMakeFiles/CMakeTmp/CheckSymbolExists.c:8:19: note: each undeclared identifier is reported only once for each function it appears in
CMakeFiles/cmTC_7e5ce.dir/build.make:65: die Regel für Ziel „CMakeFiles/cmTC_7e5ce.dir/CheckSymbolExists.c.o“ scheiterte
make[1]: *** [CMakeFiles/cmTC_7e5ce.dir/CheckSymbolExists.c.o] Fehler 1
make[1]: Verzeichnis „/var/www/development/omemo/files/emsdk-portable/clang/tag-e1.37.29/build_tag-e1.37.29_64/CMakeFiles/CMakeTmp“ wird verlassen
Makefile:126: die Regel für Ziel „cmTC_7e5ce/fast“ scheiterte
make: *** [cmTC_7e5ce/fast] Fehler 2

File /var/www/development/omemo/files/emsdk-portable/clang/tag-e1.37.29/build_tag-e1.37.29_64/CMakeFiles/CMakeTmp/CheckSymbolExists.c:
/* */
#include <string.h>

int main(int argc, char** argv)
{
  (void)argv;
#ifndef strerror_s
  return ((int*)(&strerror_s))[argc];
#else
  (void)argc;
  return 0;
#endif
}

Performing C++ SOURCE FILE Test SUPPORTS_GNU_ZERO_VARIADIC_MACRO_ARGUMENTS_FLAG failed with the following output:
Change Dir: /var/www/development/omemo/files/emsdk-portable/clang/tag-e1.37.29/build_tag-e1.37.29_64/CMakeFiles/CMakeTmp

Run Build Command:"/usr/bin/make" "cmTC_3f948/fast"
/usr/bin/make -f CMakeFiles/cmTC_3f948.dir/build.make CMakeFiles/cmTC_3f948.dir/build
make[1]: Entering directory '/var/www/development/omemo/files/emsdk-portable/clang/tag-e1.37.29/build_tag-e1.37.29_64/CMakeFiles/CMakeTmp'
Building CXX object CMakeFiles/cmTC_3f948.dir/src.cxx.o
/usr/bin/c++     -DSUPPORTS_GNU_ZERO_VARIADIC_MACRO_ARGUMENTS_FLAG   -Wgnu-zero-variadic-macro-arguments -o CMakeFiles/cmTC_3f948.dir/src.cxx.o -c /var/www/development/omemo/files/emsdk-portable/clang/tag-e1.37.29/build_tag-e1.37.29_64/CMakeFiles/CMakeTmp/src.cxx
c++: error: unrecognized command line option '-Wgnu-zero-variadic-macro-arguments'
CMakeFiles/cmTC_3f948.dir/build.make:65: recipe for target 'CMakeFiles/cmTC_3f948.dir/src.cxx.o' failed
make[1]: *** [CMakeFiles/cmTC_3f948.dir/src.cxx.o] Error 1
make[1]: Leaving directory '/var/www/development/omemo/files/emsdk-portable/clang/tag-e1.37.29/build_tag-e1.37.29_64/CMakeFiles/CMakeTmp'
Makefile:126: recipe for target 'cmTC_3f948/fast' failed
make: *** [cmTC_3f948/fast] Error 2

Source file was:
int main() { return 0; }
Performing C SOURCE FILE Test C_SUPPORTS_COVERED_SWITCH_DEFAULT_FLAG failed with the following output:
Change Dir: /var/www/development/omemo/files/emsdk-portable/clang/tag-e1.37.29/build_tag-e1.37.29_64/CMakeFiles/CMakeTmp

Run Build Command:"/usr/bin/make" "cmTC_b05f5/fast"
/usr/bin/make -f CMakeFiles/cmTC_b05f5.dir/build.make CMakeFiles/cmTC_b05f5.dir/build
make[1]: Entering directory '/var/www/development/omemo/files/emsdk-portable/clang/tag-e1.37.29/build_tag-e1.37.29_64/CMakeFiles/CMakeTmp'
Building C object CMakeFiles/cmTC_b05f5.dir/src.c.o
/usr/bin/cc    -fPIC -Wall -W -Wno-unused-parameter -Wwrite-strings -Wno-missing-field-initializers -pedantic -Wno-long-long -DC_SUPPORTS_COVERED_SWITCH_DEFAULT_FLAG   -Werror -Wcovered-switch-default -o CMakeFiles/cmTC_b05f5.dir/src.c.o   -c /var/www/development/omemo/files/emsdk-portable/clang/tag-e1.37.29/build_tag-e1.37.29_64/CMakeFiles/CMakeTmp/src.c
cc: error: unrecognized command line option '-Wcovered-switch-default'
CMakeFiles/cmTC_b05f5.dir/build.make:65: recipe for target 'CMakeFiles/cmTC_b05f5.dir/src.c.o' failed
make[1]: *** [CMakeFiles/cmTC_b05f5.dir/src.c.o] Error 1
make[1]: Leaving directory '/var/www/development/omemo/files/emsdk-portable/clang/tag-e1.37.29/build_tag-e1.37.29_64/CMakeFiles/CMakeTmp'
Makefile:126: recipe for target 'cmTC_b05f5/fast' failed
make: *** [cmTC_b05f5/fast] Error 2

Source file was:
int main(void) { return 0; }
Performing C++ SOURCE FILE Test CXX_SUPPORTS_COVERED_SWITCH_DEFAULT_FLAG failed with the following output:
Change Dir: /var/www/development/omemo/files/emsdk-portable/clang/tag-e1.37.29/build_tag-e1.37.29_64/CMakeFiles/CMakeTmp

Run Build Command:"/usr/bin/make" "cmTC_9fac0/fast"
/usr/bin/make -f CMakeFiles/cmTC_9fac0.dir/build.make CMakeFiles/cmTC_9fac0.dir/build
make[1]: Entering directory '/var/www/development/omemo/files/emsdk-portable/clang/tag-e1.37.29/build_tag-e1.37.29_64/CMakeFiles/CMakeTmp'
Building CXX object CMakeFiles/cmTC_9fac0.dir/src.cxx.o
/usr/bin/c++     -fPIC -fvisibility-inlines-hidden -Wall -W -Wno-unused-parameter -Wwrite-strings -Wcast-qual -Wno-missing-field-initializers -pedantic -Wno-long-long -DCXX_SUPPORTS_COVERED_SWITCH_DEFAULT_FLAG   -Werror -Wcovered-switch-default -o CMakeFiles/cmTC_9fac0.dir/src.cxx.o -c /var/www/development/omemo/files/emsdk-portable/clang/tag-e1.37.29/build_tag-e1.37.29_64/CMakeFiles/CMakeTmp/src.cxx
c++: error: unrecognized command line option '-Wcovered-switch-default'
CMakeFiles/cmTC_9fac0.dir/build.make:65: recipe for target 'CMakeFiles/cmTC_9fac0.dir/src.cxx.o' failed
make[1]: *** [CMakeFiles/cmTC_9fac0.dir/src.cxx.o] Error 1
make[1]: Leaving directory '/var/www/development/omemo/files/emsdk-portable/clang/tag-e1.37.29/build_tag-e1.37.29_64/CMakeFiles/CMakeTmp'
Makefile:126: recipe for target 'cmTC_9fac0/fast' failed
make: *** [cmTC_9fac0/fast] Error 2

Source file was:
int main() { return 0; }
Performing C SOURCE FILE Test C_SUPPORTS_DELETE_NON_VIRTUAL_DTOR_FLAG failed with the following output:
Change Dir: /var/www/development/omemo/files/emsdk-portable/clang/tag-e1.37.29/build_tag-e1.37.29_64/CMakeFiles/CMakeTmp

Run Build Command:"/usr/bin/make" "cmTC_f831a/fast"
/usr/bin/make -f CMakeFiles/cmTC_f831a.dir/build.make CMakeFiles/cmTC_f831a.dir/build
make[1]: Entering directory '/var/www/development/omemo/files/emsdk-portable/clang/tag-e1.37.29/build_tag-e1.37.29_64/CMakeFiles/CMakeTmp'
Building C object CMakeFiles/cmTC_f831a.dir/src.c.o
/usr/bin/cc    -fPIC -Wall -W -Wno-unused-parameter -Wwrite-strings -Wno-missing-field-initializers -pedantic -Wno-long-long -DC_SUPPORTS_DELETE_NON_VIRTUAL_DTOR_FLAG   -Werror -Wdelete-non-virtual-dtor -o CMakeFiles/cmTC_f831a.dir/src.c.o   -c /var/www/development/omemo/files/emsdk-portable/clang/tag-e1.37.29/build_tag-e1.37.29_64/CMakeFiles/CMakeTmp/src.c
cc1: error: command line option '-Wdelete-non-virtual-dtor' is valid for C++/ObjC++ but not for C [-Werror]
cc1: all warnings being treated as errors
CMakeFiles/cmTC_f831a.dir/build.make:65: recipe for target 'CMakeFiles/cmTC_f831a.dir/src.c.o' failed
make[1]: *** [CMakeFiles/cmTC_f831a.dir/src.c.o] Error 1
make[1]: Leaving directory '/var/www/development/omemo/files/emsdk-portable/clang/tag-e1.37.29/build_tag-e1.37.29_64/CMakeFiles/CMakeTmp'
Makefile:126: recipe for target 'cmTC_f831a/fast' failed
make: *** [cmTC_f831a/fast] Error 2

Source file was:
int main(void) { return 0; }
Performing C SOURCE FILE Test C_WCOMMENT_ALLOWS_LINE_WRAP failed with the following output:
Change Dir: /var/www/development/omemo/files/emsdk-portable/clang/tag-e1.37.29/build_tag-e1.37.29_64/CMakeFiles/CMakeTmp

Run Build Command:"/usr/bin/make" "cmTC_6e68a/fast"
/usr/bin/make -f CMakeFiles/cmTC_6e68a.dir/build.make CMakeFiles/cmTC_6e68a.dir/build
make[1]: Verzeichnis „/var/www/development/omemo/files/emsdk-portable/clang/tag-e1.37.29/build_tag-e1.37.29_64/CMakeFiles/CMakeTmp“ wird betreten
Building C object CMakeFiles/cmTC_6e68a.dir/src.c.o
/usr/bin/cc    -fPIC -Wall -W -Wno-unused-parameter -Wwrite-strings -Wno-missing-field-initializers -pedantic -Wno-long-long -DC_WCOMMENT_ALLOWS_LINE_WRAP  -Werror -Wcomment   -o CMakeFiles/cmTC_6e68a.dir/src.c.o   -c /var/www/development/omemo/files/emsdk-portable/clang/tag-e1.37.29/build_tag-e1.37.29_64/CMakeFiles/CMakeTmp/src.c
/var/www/development/omemo/files/emsdk-portable/clang/tag-e1.37.29/build_tag-e1.37.29_64/CMakeFiles/CMakeTmp/src.c:1:1: error: multi-line comment [-Werror=comment]
 // \
 ^
cc1: all warnings being treated as errors
CMakeFiles/cmTC_6e68a.dir/build.make:65: die Regel für Ziel „CMakeFiles/cmTC_6e68a.dir/src.c.o“ scheiterte
make[1]: *** [CMakeFiles/cmTC_6e68a.dir/src.c.o] Fehler 1
make[1]: Verzeichnis „/var/www/development/omemo/files/emsdk-portable/clang/tag-e1.37.29/build_tag-e1.37.29_64/CMakeFiles/CMakeTmp“ wird verlassen
Makefile:126: die Regel für Ziel „cmTC_6e68a/fast“ scheiterte
make: *** [cmTC_6e68a/fast] Fehler 2

Source file was:
// \
//
int main() {return 0;}
Performing C SOURCE FILE Test C_SUPPORTS_STRING_CONVERSION_FLAG failed with the following output:
Change Dir: /var/www/development/omemo/files/emsdk-portable/clang/tag-e1.37.29/build_tag-e1.37.29_64/CMakeFiles/CMakeTmp

Run Build Command:"/usr/bin/make" "cmTC_a7fb0/fast"
/usr/bin/make -f CMakeFiles/cmTC_a7fb0.dir/build.make CMakeFiles/cmTC_a7fb0.dir/build
make[1]: Entering directory '/var/www/development/omemo/files/emsdk-portable/clang/tag-e1.37.29/build_tag-e1.37.29_64/CMakeFiles/CMakeTmp'
Building C object CMakeFiles/cmTC_a7fb0.dir/src.c.o
/usr/bin/cc    -fPIC -Wall -W -Wno-unused-parameter -Wwrite-strings -Wno-missing-field-initializers -pedantic -Wno-long-long -Wno-comment -DC_SUPPORTS_STRING_CONVERSION_FLAG   -Werror -Wstring-conversion -o CMakeFiles/cmTC_a7fb0.dir/src.c.o   -c /var/www/development/omemo/files/emsdk-portable/clang/tag-e1.37.29/build_tag-e1.37.29_64/CMakeFiles/CMakeTmp/src.c
cc: error: unrecognized command line option '-Wstring-conversion'
CMakeFiles/cmTC_a7fb0.dir/build.make:65: recipe for target 'CMakeFiles/cmTC_a7fb0.dir/src.c.o' failed
make[1]: *** [CMakeFiles/cmTC_a7fb0.dir/src.c.o] Error 1
make[1]: Leaving directory '/var/www/development/omemo/files/emsdk-portable/clang/tag-e1.37.29/build_tag-e1.37.29_64/CMakeFiles/CMakeTmp'
Makefile:126: recipe for target 'cmTC_a7fb0/fast' failed
make: *** [cmTC_a7fb0/fast] Error 2

Source file was:
int main(void) { return 0; }
Performing C++ SOURCE FILE Test CXX_SUPPORTS_STRING_CONVERSION_FLAG failed with the following output:
Change Dir: /var/www/development/omemo/files/emsdk-portable/clang/tag-e1.37.29/build_tag-e1.37.29_64/CMakeFiles/CMakeTmp

Run Build Command:"/usr/bin/make" "cmTC_bd8b2/fast"
/usr/bin/make -f CMakeFiles/cmTC_bd8b2.dir/build.make CMakeFiles/cmTC_bd8b2.dir/build
make[1]: Entering directory '/var/www/development/omemo/files/emsdk-portable/clang/tag-e1.37.29/build_tag-e1.37.29_64/CMakeFiles/CMakeTmp'
Building CXX object CMakeFiles/cmTC_bd8b2.dir/src.cxx.o
/usr/bin/c++     -fPIC -fvisibility-inlines-hidden -Wall -W -Wno-unused-parameter -Wwrite-strings -Wcast-qual -Wno-missing-field-initializers -pedantic -Wno-long-long -Wno-maybe-uninitialized -Wdelete-non-virtual-dtor -Wno-comment -DCXX_SUPPORTS_STRING_CONVERSION_FLAG   -Werror -Wstring-conversion -o CMakeFiles/cmTC_bd8b2.dir/src.cxx.o -c /var/www/development/omemo/files/emsdk-portable/clang/tag-e1.37.29/build_tag-e1.37.29_64/CMakeFiles/CMakeTmp/src.cxx
c++: error: unrecognized command line option '-Wstring-conversion'
CMakeFiles/cmTC_bd8b2.dir/build.make:65: recipe for target 'CMakeFiles/cmTC_bd8b2.dir/src.cxx.o' failed
make[1]: *** [CMakeFiles/cmTC_bd8b2.dir/src.cxx.o] Error 1
make[1]: Leaving directory '/var/www/development/omemo/files/emsdk-portable/clang/tag-e1.37.29/build_tag-e1.37.29_64/CMakeFiles/CMakeTmp'
Makefile:126: recipe for target 'cmTC_bd8b2/fast' failed
make: *** [cmTC_bd8b2/fast] Error 2

Source file was:
int main() { return 0; }
Performing C++ SOURCE FILE Test CXX_SUPPORTS_WERROR_UNGUARDED_AVAILABILITY_NEW failed with the following output:
Change Dir: /var/www/development/omemo/files/emsdk-portable/clang/tag-e1.37.29/build_tag-e1.37.29_64/CMakeFiles/CMakeTmp

Run Build Command:"/usr/bin/make" "cmTC_6e741/fast"
/usr/bin/make -f CMakeFiles/cmTC_6e741.dir/build.make CMakeFiles/cmTC_6e741.dir/build
make[1]: Entering directory '/var/www/development/omemo/files/emsdk-portable/clang/tag-e1.37.29/build_tag-e1.37.29_64/CMakeFiles/CMakeTmp'
Building CXX object CMakeFiles/cmTC_6e741.dir/src.cxx.o
/usr/bin/c++     -fPIC -fvisibility-inlines-hidden -Wall -W -Wno-unused-parameter -Wwrite-strings -Wcast-qual -Wno-missing-field-initializers -pedantic -Wno-long-long -Wno-maybe-uninitialized -Wdelete-non-virtual-dtor -Wno-comment -Werror=date-time -DCXX_SUPPORTS_WERROR_UNGUARDED_AVAILABILITY_NEW   -Werror -Werror=unguarded-availability-new -o CMakeFiles/cmTC_6e741.dir/src.cxx.o -c /var/www/development/omemo/files/emsdk-portable/clang/tag-e1.37.29/build_tag-e1.37.29_64/CMakeFiles/CMakeTmp/src.cxx
cc1plus: error: -Werror=unguarded-availability-new: no option -Wunguarded-availability-new
CMakeFiles/cmTC_6e741.dir/build.make:65: recipe for target 'CMakeFiles/cmTC_6e741.dir/src.cxx.o' failed
make[1]: *** [CMakeFiles/cmTC_6e741.dir/src.cxx.o] Error 1
make[1]: Leaving directory '/var/www/development/omemo/files/emsdk-portable/clang/tag-e1.37.29/build_tag-e1.37.29_64/CMakeFiles/CMakeTmp'
Makefile:126: recipe for target 'cmTC_6e741/fast' failed
make: *** [cmTC_6e741/fast] Error 2

Source file was:
int main() { return 0; }
Performing C++ SOURCE FILE Test CXX_SUPPORTS_NO_NESTED_ANON_TYPES_FLAG failed with the following output:
Change Dir: /var/www/development/omemo/files/emsdk-portable/clang/tag-e1.37.29/build_tag-e1.37.29_64/CMakeFiles/CMakeTmp

Run Build Command:"/usr/bin/make" "cmTC_77794/fast"
/usr/bin/make -f CMakeFiles/cmTC_77794.dir/build.make CMakeFiles/cmTC_77794.dir/build
make[1]: Entering directory '/var/www/development/omemo/files/emsdk-portable/clang/tag-e1.37.29/build_tag-e1.37.29_64/CMakeFiles/CMakeTmp'
Building CXX object CMakeFiles/cmTC_77794.dir/src.cxx.o
/usr/bin/c++     -fPIC -fvisibility-inlines-hidden -Wall -W -Wno-unused-parameter -Wwrite-strings -Wcast-qual -Wno-missing-field-initializers -pedantic -Wno-long-long -Wno-maybe-uninitialized -Wdelete-non-virtual-dtor -Wno-comment -Werror=date-time -std=c++11 -ffunction-sections -fdata-sections -fno-common -Woverloaded-virtual -fno-strict-aliasing -DCXX_SUPPORTS_NO_NESTED_ANON_TYPES_FLAG   -Werror -Wnested-anon-types -o CMakeFiles/cmTC_77794.dir/src.cxx.o -c /var/www/development/omemo/files/emsdk-portable/clang/tag-e1.37.29/build_tag-e1.37.29_64/CMakeFiles/CMakeTmp/src.cxx
c++: error: unrecognized command line option '-Wnested-anon-types'
CMakeFiles/cmTC_77794.dir/build.make:65: recipe for target 'CMakeFiles/cmTC_77794.dir/src.cxx.o' failed
make[1]: *** [CMakeFiles/cmTC_77794.dir/src.cxx.o] Error 1
make[1]: Leaving directory '/var/www/development/omemo/files/emsdk-portable/clang/tag-e1.37.29/build_tag-e1.37.29_64/CMakeFiles/CMakeTmp'
Makefile:126: recipe for target 'cmTC_77794/fast' failed
make: *** [cmTC_77794/fast] Error 2

Source file was:
int main() { return 0; }
